<?xml version="1.0" encoding="UTF-8"?>
<testng-results ignored="0" total="4" passed="4" failed="0" skipped="0">
  <reporter-output>
  </reporter-output>
  <suite started-at="2025-02-26T17:43:29 IST" name="Suite" finished-at="2025-02-26T17:43:29 IST" duration-ms="145">
    <groups>
    </groups>
    <test started-at="2025-02-26T17:43:29 IST" name="Test" finished-at="2025-02-26T17:43:29 IST" duration-ms="145">
      <class name="pack2.ClassB">
        <test-method signature="testb()[pri:0, instance:pack2.ClassB@4802796d]" started-at="2025-02-26T17:43:29 IST" name="testb" finished-at="2025-02-26T17:43:29 IST" duration-ms="80" status="PASS">
          <reporter-output>
          </reporter-output>
        </test-method> <!-- testb -->
        <test-method signature="testc()[pri:0, instance:pack2.ClassB@4802796d]" started-at="2025-02-26T17:43:29 IST" name="testc" finished-at="2025-02-26T17:43:29 IST" duration-ms="2" status="PASS">
          <reporter-output>
          </reporter-output>
        </test-method> <!-- testc -->
      </class> <!-- pack2.ClassB -->
      <class name="pack1.ClassA">
        <test-method signature="test1()[pri:0, instance:pack1.ClassA@3590fc5b]" started-at="2025-02-26T17:43:29 IST" name="test1" finished-at="2025-02-26T17:43:29 IST" duration-ms="1" status="PASS">
          <reporter-output>
          </reporter-output>
        </test-method> <!-- test1 -->
        <test-method signature="test2()[pri:0, instance:pack1.ClassA@3590fc5b]" started-at="2025-02-26T17:43:29 IST" name="test2" finished-at="2025-02-26T17:43:29 IST" duration-ms="1" status="PASS">
          <reporter-output>
          </reporter-output>
        </test-method> <!-- test2 -->
      </class> <!-- pack1.ClassA -->
    </test> <!-- Test -->
  </suite> <!-- Suite -->
</testng-results>
