<?xml version="1.0" encoding="UTF-8"?>
<testng-results ignored="0" total="5" passed="5" failed="0" skipped="0">
  <reporter-output>
  </reporter-output>
  <suite started-at="2025-02-27T10:32:42 IST" name="Suite" finished-at="2025-02-27T10:32:42 IST" duration-ms="152">
    <groups>
    </groups>
    <test started-at="2025-02-27T10:32:42 IST" name="Test" finished-at="2025-02-27T10:32:42 IST" duration-ms="152">
      <class name="pack2.ClassB">
        <test-method signature="testb()[pri:0, instance:pack2.ClassB@41d477ed]" started-at="2025-02-27T10:32:42 IST" name="testb" finished-at="2025-02-27T10:32:42 IST" duration-ms="36" status="PASS">
          <reporter-output>
          </reporter-output>
        </test-method> <!-- testb -->
        <test-method signature="testc()[pri:0, instance:pack2.ClassB@41d477ed]" started-at="2025-02-27T10:32:42 IST" name="testc" finished-at="2025-02-27T10:32:42 IST" duration-ms="4" status="PASS">
          <reporter-output>
          </reporter-output>
        </test-method> <!-- testc -->
      </class> <!-- pack2.ClassB -->
      <class name="pack1.Class1">
        <test-method signature="class1()[pri:0, instance:pack1.Class1@74235045]" started-at="2025-02-27T10:32:42 IST" name="class1" finished-at="2025-02-27T10:32:42 IST" duration-ms="3" status="PASS">
          <reporter-output>
          </reporter-output>
        </test-method> <!-- class1 -->
      </class> <!-- pack1.Class1 -->
      <class name="pack1.ClassA">
        <test-method signature="test1()[pri:0, instance:pack1.ClassA@765d7657]" started-at="2025-02-27T10:32:42 IST" name="test1" finished-at="2025-02-27T10:32:42 IST" duration-ms="4" status="PASS">
          <reporter-output>
          </reporter-output>
        </test-method> <!-- test1 -->
        <test-method signature="test2()[pri:0, instance:pack1.ClassA@765d7657]" started-at="2025-02-27T10:32:42 IST" name="test2" finished-at="2025-02-27T10:32:42 IST" duration-ms="3" status="PASS">
          <reporter-output>
          </reporter-output>
        </test-method> <!-- test2 -->
      </class> <!-- pack1.ClassA -->
    </test> <!-- Test -->
  </suite> <!-- Suite -->
</testng-results>
