<?xml version="1.0" encoding="UTF-8"?>
<!-- Generated by org.testng.reporters.JUnitXMLReporter -->
<testsuite ignored="0" hostname="LAPTOP-OR2KO8HI" failures="0" tests="5" name="Test" time="0.152" errors="0" timestamp="2025-02-27T10:32:42 IST">
  <testcase classname="pack2.ClassB" name="testb" time="0.036"/>
  <testcase classname="pack2.ClassB" name="testc" time="0.004"/>
  <testcase classname="pack1.ClassA" name="test1" time="0.004"/>
  <testcase classname="pack1.ClassA" name="test2" time="0.003"/>
  <testcase classname="pack1.Class1" name="class1" time="0.003"/>
</testsuite> <!-- Test -->
