<?xml version="1.0" encoding="UTF-8"?>
<!-- Generated by org.testng.reporters.JUnitXMLReporter -->
<testsuite ignored="0" hostname="LAPTOP-OR2KO8HI" failures="0" tests="4" name="Test" time="0.145" errors="0" timestamp="2025-02-26T17:43:29 IST">
  <testcase classname="pack2.ClassB" name="testb" time="0.08"/>
  <testcase classname="pack2.ClassB" name="testc" time="0.002"/>
  <testcase classname="pack1.ClassA" name="test1" time="0.001"/>
  <testcase classname="pack1.ClassA" name="test2" time="0.001"/>
</testsuite> <!-- Test -->
